0:100  0:100  MemLog inited, TSC freq: 2808382140
0:100  0:000  CPU was calibrated with RTC
0:100  0:000  
0:100  0:000  Now is 9.11.2018,  3:47:20 (GMT)
0:100  0:000  Starting Clover revision: 4741 on American Megatrends EFI
0:100  0:000  Build with: [Args: -D NO_GRUB_DRIVERS_EMBEDDED -t XCODE8 | -D NO_GRUB_DRIVERS_EMBEDDED -D USE_LOW_EBDA -a X64 -b RELEASE -t XCODE8 -n 5 | OS: 10.12.6 | XCODE: 8.3.3]
0:100  0:000  SelfDevicePath=PciRoot(0x0)\Pci(0x17,0x0)\Sata(0x3,0xFFFF,0x0)\HD(1,GPT,158A50C3-054A-40B5-B66B-189E00652727,0x28,0x64000) @76002118
0:100  0:000  SelfDirPath = \EFI\BOOT
0:101  0:001  === [ Get Smbios ] ========================================
0:101  0:000  Type 16 Index = 0
0:101  0:000  Total Memory Slots Count = 4
0:101  0:000  Type 17 Index = 0
0:101  0:000  Ignoring insane frequency value 0MHz
0:101  0:000  SmbiosTable.Type17->Speed = 0MHz
0:101  0:000  SmbiosTable.Type17->Size = 0MB
0:101  0:000  SmbiosTable.Type17->Bank/Device = BANK 0 ChannelA-DIMM1
0:101  0:000  SmbiosTable.Type17->Vendor = <null string>
0:101  0:000  SmbiosTable.Type17->SerialNumber = <null string>
0:101  0:000  SmbiosTable.Type17->PartNumber = <null string>
0:101  0:000  Type 17 Index = 1
0:101  0:000  Ignoring insane frequency value 0MHz
0:101  0:000  SmbiosTable.Type17->Speed = 0MHz
0:101  0:000  SmbiosTable.Type17->Size = 0MB
0:101  0:000  SmbiosTable.Type17->Bank/Device = BANK 1 ChannelA-DIMM2
0:101  0:000  SmbiosTable.Type17->Vendor = <null string>
0:101  0:000  SmbiosTable.Type17->SerialNumber = <null string>
0:102  0:000  SmbiosTable.Type17->PartNumber = <null string>
0:102  0:000  Type 17 Index = 2
0:102  0:000  Ignoring insane frequency value 0MHz
0:102  0:000  SmbiosTable.Type17->Speed = 0MHz
0:102  0:000  SmbiosTable.Type17->Size = 0MB
0:102  0:000  SmbiosTable.Type17->Bank/Device = BANK 2 ChannelB-DIMM1
0:102  0:000  SmbiosTable.Type17->Vendor = <null string>
0:102  0:000  SmbiosTable.Type17->SerialNumber = <null string>
0:102  0:000  SmbiosTable.Type17->PartNumber = <null string>
0:102  0:000  Type 17 Index = 3
0:102  0:000  SmbiosTable.Type17->Speed = 2400MHz
0:102  0:000  SmbiosTable.Type17->Size = 8192MB
0:102  0:000  SmbiosTable.Type17->Bank/Device = BANK 3 ChannelB-DIMM2
0:102  0:000  SmbiosTable.Type17->Vendor = Kingston
0:102  0:000  SmbiosTable.Type17->SerialNumber = 95226714
0:102  0:000  SmbiosTable.Type17->PartNumber = KHX2400C15/8G       
0:102  0:000  Boot status=0
0:102  0:000  Running on: 'System Product Name' with board 'ROG STRIX B360-G GAMING'
0:102  0:000  === [ GetCPUProperties ] ==================================
0:102  0:000  CPU Vendor = 756E6547 Model=906EA
0:102  0:000   The CPU supported SSE4.1
0:102  0:000  BrandString = Intel(R) Core(TM) i5-8400 CPU @ 2.80GHz
0:102  0:000   The CPU supported turbo
0:102  0:000  MSR 0x35               60006
0:102  0:000   TSC/CCC Information Leaf:
0:102  0:000    numerator     : 234
0:102  0:000    denominator   : 2
0:102  0:000   Calibrated ARTFrequency: 24003266
0:102  0:000  MSR 0xE2 before patch 1E000000
0:102  0:000  MSR 0xCE              00080838_F1011C00
0:102  0:000  corrected FLEX_RATIO = 0
0:102  0:000  MSR 0x1B0             00000000
0:102  0:000  FSBFrequency = 100 MHz, DMI FSBFrequency = 100 MHz, Corrected FSBFrequency = 100 MHz
0:102  0:000  MaxDiv/MinDiv: 28.0/8
0:102  0:000  Turbo: 39/39/39/40
0:102  0:000  Features: 0xBFEBFBFF
0:102  0:000  Threads: 6
0:102  0:000  Cores: 6
0:102  0:000  FSB: 100 MHz
0:102  0:000  CPU: 2800 MHz
0:102  0:000  TSC: 2800 MHz
0:102  0:000  PIS: 100 MHz
0:102  0:000  ExternalClock: 25 MHz
0:102  0:000  === [ GetDevices ] ========================================
0:102  0:000  PCI (00|00:00.00) : 8086 3EC2 class=060000
0:102  0:000  PCI (00|00:01.00) : 8086 1901 class=060400
0:102  0:000  PCI (00|01:00.00) : 1002 67DF class=030000
0:102  0:000   - GFX: Model=AMD Radeon RX 480 (ATI/AMD)
0:102  0:000  PCI (00|01:00.01) : 1002 AAF0 class=040300
0:102  0:000   - HDMI Audio: 
0:102  0:000  PCI (00|00:02.00) : 8086 3E92 class=038000
0:102  0:000   - GFX: Model=Intel UHD Graphics 630 (Intel)
0:102  0:000  PCI (00|00:14.00) : 8086 A36D class=0C0330
0:102  0:000  PCI (00|00:14.02) : 8086 A36F class=050000
0:102  0:000  PCI (00|00:16.00) : 8086 A360 class=078000
0:102  0:000  PCI (00|00:17.00) : 8086 A352 class=010601
0:102  0:000  PCI (00|00:1B.00) : 8086 A32C class=060400
0:102  0:000  PCI (00|00:1C.00) : 8086 A33C class=060400
0:102  0:000  PCI (00|00:1D.00) : 8086 A330 class=060400
0:102  0:000  PCI (00|00:1F.00) : 8086 A308 class=060100
0:102  0:000  PCI (00|00:1F.03) : 8086 A348 class=040300
0:102  0:000  PCI (00|00:1F.04) : 8086 A323 class=0C0500
0:102  0:000  PCI (00|00:1F.05) : 8086 A324 class=0C8000
0:102  0:000  PCI (00|00:1F.06) : 8086 15BC class=020000
0:102  0:000   - LAN: 0 Vendor=Intel
0:102  0:000  === [ GetDefaultSettings ] ================================
0:102  0:000  Clover load options size = 0 bytes
0:110  0:008  EFI\CLOVER\config.plist loaded: Success
0:110  0:000  === [ GetListOfThemes ] ===================================
0:111  0:000  - [00]: Bootcamp
0:118  0:007  - [01]: SimpleThemeDark
0:121  0:002  - [02]: newyear
0:124  0:003  - [03]: christmas
0:127  0:002  - [04]: random
0:132  0:005  - [04]: embedded
0:135  0:002  === [ Found config plists ] ===============================
0:136  0:001  - config-source.plist
0:137  0:001  - config.plist
0:138  0:001  - config-backupnousb.plist
0:140  0:001  - config-macmini.plist
0:141  0:001  === [ GetEarlyUserSettings ] ==============================
0:141  0:000  timeout set to 3
0:141  0:000  Custom boot CUSTOM_BOOT_DISABLED (0x0)
0:141  0:000  KernelXCPM: enabled
0:141  0:000  KextsToPatch: 1 requested
0:141  0:000   - [00]: com.apple.driver.usb.AppleUSBXHCI (disable port limit in XHCI kext (credit PMHeart)) :: MatchOS: 10.14.x :: BinPatch :: data len: 9
0:141  0:000   - patch disabled at config
0:141  0:000  Default theme: SimpleThemeDark
0:141  0:000  Hiding entries with string Preboot
0:141  0:000  Hiding entries with string Install
0:141  0:000  Hiding entries with string Recovery
0:141  0:000  === [ LoadDrivers ] =======================================
0:144  0:002  Loading AppleImageCodec-64.efi  status=Success
0:148  0:003  Loading AppleUITheme-64.efi  status=Success
0:151  0:003  Loading DataHubDxe-64.efi  status=Success
0:156  0:004  Loading AppleKeyAggregator-64.efi  status=Success
0:158  0:002  Loading FSInject-64.efi  status=Success
0:161  0:003  Loading FirmwareVolume-64.efi  status=Success
0:164  0:002  Loading ApfsDriverLoader-64.efi  status=Success
0:166  0:002   - driver needs connecting
0:166  0:000  Loading EmuVariableUefi-64.efi  status=Success
0:169  0:003  EmuVariableUefi Initialize: VariableCommonInitialize = Success, orig services stored, install gEmuVariableControlProtocolGuid = Success
0:169  0:000  Loading AptioMemoryFix-64.efi  status=Success
0:171  0:002  Loading HFSPlus-64.efi  status=Success
0:174  0:003   - driver needs connecting
0:174  0:000  Loading VirtualSmc.efi  status=Success
0:181  0:006  2 drivers needs connecting ...
0:181  0:000  PlatformDriverOverrideProtocol not found. Installing ... Success
0:181  0:000  HFS+ driver loaded
0:181  0:000  APFS driver loaded
0:181  0:000  Searching for invalid DiskIo BY_DRIVER connects: not found, all ok
0:710  0:529  EmuVariable InstallEmulation: orig vars copied, emu.var.services installed, CreateEvent VirtualAddressChange = Success, CreateEvent ExitBootServices = Success, set Status=Success
0:739  0:028  === [ InitScreen ] ========================================
0:739  0:000  SetScreenResolution: 2048x1252 - not found!
0:739  0:000  SetMaxResolution: found best mode 0: 2560x1440
0:739  0:000   - already set
0:739  0:000  Console modes reported: 4, available modes:
0:739  0:000   - [01]: 80x25 (current mode)
0:739  0:000   - [02]: 80x50
0:739  0:000   - [03]: 100x31
0:739  0:000   - [04]: 320x75
0:739  0:000  reinit: self device path=PciRoot(0x0)\Pci(0x17,0x0)\Sata(0x3,0xFFFF,0x0)\HD(1,GPT,158A50C3-054A-40B5-B66B-189E00652727,0x28,0x64000)
0:741  0:002  Using embedded font: Success
0:742  0:000  === [ GetMacAddress ] =====================================
0:742  0:000  MAC address of LAN #0= 18:31:BF:53:06:2A:
0:742  0:000  === [ ScanSPD ] ===========================================
0:742  0:000  SMBus device : 8086 A323 class=0C0500 status=Success
0:742  0:000  SMBus CmdReg: 0x1
0:742  0:000  Scanning SMBus [8086:A323], mmio: 0x4, ioport: 0xEFA0, hostc: 0x11
0:742  0:000  Slots to scan [8]...
0:743  0:000  SPD[3]: Type 12 @0x53
0:763  0:019  XMP Profile1: 7*125 -42 ns
0:763  0:000  Found module with XMP version 2.0
0:763  0:000  DDR speed 2400MHz
0:763  0:000  Slot: 3 Type 26 8192MB 2400MHz Vendor=Kingston PartNo=KHX2400C158G SerialNo=0905020206070104
0:763  0:000  === [ GetAcpiTablesList ] =================================
0:763  0:000  Get Acpi Tables List from RSDT:
0:763  0:000   - [00]: FACP  A M I  len=132
0:763  0:000   - [01]: APIC  A M I  len=160
0:763  0:000   - [02]: FPDT  A M I  len=68
0:763  0:000   - [03]: FIDT  A M I len=156
0:763  0:000   - [04]: MCFG  A M I  len=60
0:763  0:000   - [05]: WSMT  A M I  len=40
0:763  0:000   - [06]: SSDT  SataTabl len=888
0:763  0:000   - [07]: SSDT  CpuSsdt len=6091
0:763  0:000   - [08]: SSDT  SaSsdt  len=12743
0:763  0:000   - [09]: SSDT  PegSsdt len=8040
0:763  0:000   - [10]: HPET  A M I  len=56
0:763  0:000   - [11]: SSDT  Ther_Rvp len=3998
0:763  0:000   - [12]: SSDT  xh_cfsd4 len=10573
0:763  0:000   - [13]: UEFI  A M I  len=66
0:763  0:000   - [14]: LPIT  A M I  len=92
0:763  0:000   - [15]: SSDT  PtidDevc len=10206
0:763  0:000   - [16]: SSDT  TbtTypeC len=4094
0:763  0:000   - [17]: DBGP  A M I  len=52
0:763  0:000   - [18]: DBG2  A M I  len=84
0:763  0:000   - [19]: DMAR  EDK2     len=168
0:763  0:000   - [20]: VFCT  A M I  len=60548
0:763  0:000   - [21]: BGRT  A M I  len=56
0:763  0:000  Calibrated TSC Frequency = 2808382140 = 2808MHz
0:764  0:000  === [ GetUserSettings ] ===================================
0:764  0:000  Add 2 devices:
0:764  0:000  USB FixOwnership: yes
0:764  0:000  Dropping 1 tables:
0:764  0:000   - [00]: Drop table  signature="SSDT" (54445353) table-id="UIAC-ALL" (4C4C412D43414955)
0:764  0:000           - set table: 54445353, 4C4C412D43414955 to drop: no
0:764  0:000   - final DSDT Fix mask=00000000
0:764  0:000  PatchesDSDT: 6 requested
0:764  0:000   - [00]: (change HECI to IMEI) lenToFind: 4, lenToReplace: 4, Target Bridge: <null string>
0:764  0:000   - [01]: (change GFX0 to IGPU) lenToFind: 4, lenToReplace: 4, Target Bridge: <null string>
0:764  0:000   - [02]: (change PEGP to GFX0) lenToFind: 4, lenToReplace: 4, Target Bridge: <null string>
0:764  0:000   - [03]: (change EHC1 to EH01) lenToFind: 4, lenToReplace: 4, Target Bridge: <null string>
0:764  0:000   - [04]: (change EHC2 to EH02) lenToFind: 4, lenToReplace: 4, Target Bridge: <null string>
0:764  0:000   - [05]: (change XHCI to XHC) lenToFind: 4, lenToReplace: 4, Target Bridge: <null string>
0:764  0:000  Using ProductName from config: iMac18,2
0:764  0:000  Found same BiosVersion in clover and config
0:764  0:000  BiosVersion: IM183.88Z.F000.B00.1809280842
0:764  0:000  BiosReleaseDate: 09/28/2018
0:764  0:000  Using EfiVersion from config: 166.0.0.0.0
0:764  0:000  Using FirmwareFeatures from config: 0xFC0FE137
0:764  0:000  Using FirmwareFeaturesMask from config: 0xFF1FFF3F
0:764  0:000  Board-ID set from config as Mac-77F17D7DA9285301
0:764  0:000  BoardType: 0xA
0:764  0:000  ChassisType: 0x9
0:764  0:000  Converted CustomUUID A27B0957-C4B0-4B5C-A985-3B8B2E29124E
0:768  0:003  === [ Found DSDT tables ] =================================
1:464  0:696  === [ ScanVolumes ] =======================================
1:464  0:000  Found 18 volumes with blockIO
1:464  0:000  - [00]: Volume: PciRoot(0x0)\Pci(0x17,0x0)\Sata(0x1,0xFFFF,0x0)
1:466  0:001  - [01]: Volume: PciRoot(0x0)\Pci(0x17,0x0)\Sata(0x3,0xFFFF,0x0)
1:466  0:000  - [02]: Volume: PciRoot(0x0)\Pci(0x17,0x0)\Sata(0x4,0xFFFF,0x0)
1:467  0:000          Result of bootcode detection: bootable unknown (legacy)
1:467  0:000  - [03]: Volume: PciRoot(0x0)\Pci(0x17,0x0)\Sata(0x1,0xFFFF,0x0)\HD(1,GPT,8AFF0599-9157-11E8-B07B-1831BF53062A,0x800,0xF9808)
1:467  0:000          Result of bootcode detection: bootable Windows (vista,win)
1:470  0:002  - [04]: Volume: PciRoot(0x0)\Pci(0x17,0x0)\Sata(0x1,0xFFFF,0x0)\HD(2,GPT,64AF63D1-759D-4FDB-9696-8B40AAF1140E,0xFA008,0x32008)
1:470  0:000          Result of bootcode detection: bootable Windows (vista,win)
1:472  0:001  - [05]: Volume: PciRoot(0x0)\Pci(0x17,0x0)\Sata(0x1,0xFFFF,0x0)\HD(3,GPT,8AFF059B-9157-11E8-B07B-1831BF53062A,0x12C010,0x8008)
1:472  0:000  - [06]: Volume: PciRoot(0x0)\Pci(0x17,0x0)\Sata(0x1,0xFFFF,0x0)\HD(4,GPT,8AFF059C-9157-11E8-B07B-1831BF53062A,0x134018,0x1CEF9C68)
1:473  0:000          Result of bootcode detection: bootable Windows (vista,win)
1:476  0:002  - [07]: Volume: PciRoot(0x0)\Pci(0x17,0x0)\Sata(0x1,0xFFFF,0x0)\HD(5,GPT,EA84068A-AA5B-41AC-B4F0-F589C6A82958,0x1D02E000,0x197800)
1:476  0:000          Result of bootcode detection: bootable Windows (vista,win)
1:478  0:002  - [08]: Volume: PciRoot(0x0)\Pci(0x17,0x0)\Sata(0x3,0xFFFF,0x0)\HD(1,GPT,158A50C3-054A-40B5-B66B-189E00652727,0x28,0x64000)
1:479  0:000          Result of bootcode detection: bootable unknown (legacy)
1:480  0:000          This is SelfVolume !!
1:480  0:000  - [09]: Volume: PciRoot(0x0)\Pci(0x17,0x0)\Sata(0x3,0xFFFF,0x0)\HD(2,GPT,84BFAE63-21EC-4364-9A26-FD2802C095C9,0x64028,0xDF30B60)
1:480  0:000          Result of bootcode detection: bootable unknown (legacy)
1:480  0:000  - [10]: Volume: PciRoot(0x0)\Pci(0x17,0x0)\Sata(0x4,0xFFFF,0x0)\HD(1,GPT,9CA27B24-B1F1-4836-86C3-21B5E44D762A,0x40,0x191337C0)
1:481  0:000          Result of bootcode detection: bootable Windows (vista,win)
1:508  0:026  - [11]: Volume: PciRoot(0x0)\Pci(0x17,0x0)\Sata(0x4,0xFFFF,0x0)\HD(2,GPT,92BE3494-59BD-4DF2-AAA7-915AD4F50AEF,0x19133800,0x19000000)
1:508  0:000          Result of bootcode detection: bootable Windows (vista,win)
1:521  0:012  - [12]: Volume: PciRoot(0x0)\Pci(0x17,0x0)\Sata(0x4,0xFFFF,0x0)\HD(3,GPT,66803978-930A-47FF-8892-7AAA701927B5,0x32133800,0x19000000)
1:522  0:000          Result of bootcode detection: bootable Windows (vista,win)
1:547  0:025  - [13]: Volume: PciRoot(0x0)\Pci(0x17,0x0)\Sata(0x4,0xFFFF,0x0)\HD(4,GPT,14B93377-CEBD-411E-BE49-934F021AE56E,0x4B133800,0x295D25B0)
1:548  0:000          Result of bootcode detection: bootable Windows (vista,win)
1:562  0:014  - [14]: Volume: PciRoot(0x0)\Pci(0x17,0x0)\Sata(0x3,0xFFFF,0x0)\HD(2,GPT,84BFAE63-21EC-4364-9A26-FD2802C095C9,0x64028,0xDF30B60)\VenMedia(BE74FCF7-0B7C-49F3-9147-01F4042E6842,481BAAD2476BCB429EADE2ABE633B9BC)
1:562  0:000          hiding this volume
1:562  0:000  - [15]: Volume: PciRoot(0x0)\Pci(0x17,0x0)\Sata(0x3,0xFFFF,0x0)\HD(2,GPT,84BFAE63-21EC-4364-9A26-FD2802C095C9,0x64028,0xDF30B60)\VenMedia(BE74FCF7-0B7C-49F3-9147-01F4042E6842,675632C05B67BF4DB32186D0F92ACD76)
1:562  0:000  - [16]: Volume: PciRoot(0x0)\Pci(0x17,0x0)\Sata(0x3,0xFFFF,0x0)\HD(2,GPT,84BFAE63-21EC-4364-9A26-FD2802C095C9,0x64028,0xDF30B60)\VenMedia(BE74FCF7-0B7C-49F3-9147-01F4042E6842,574759A11D5D984AB89675B1A6108322)
1:563  0:000          hiding this volume
1:563  0:000  - [17]: Volume: PciRoot(0x0)\Pci(0x17,0x0)\Sata(0x3,0xFFFF,0x0)\HD(2,GPT,84BFAE63-21EC-4364-9A26-FD2802C095C9,0x64028,0xDF30B60)\VenMedia(BE74FCF7-0B7C-49F3-9147-01F4042E6842,C2774B138E4D254E89D220AB64F0E45F)
1:566  0:003  PutNvramPlistToRtVars: nvram.plist not found
1:566  0:000  === [ InitTheme ] =========================================
1:574  0:008  Using theme 'SimpleThemeDark' (EFI\CLOVER\themes\SimpleThemeDark)
1:574  0:000  OS main and drive as badge
1:577  0:002  Loading font from ThemeDir: Success
1:577  0:000  theme inited
1:577  0:000  Chosen theme SimpleThemeDark
1:577  0:000  after NVRAM boot-args=
1:577  0:000  === [ Dump SMC keys from NVRAM ] ==========================
1:577  0:000  found AppleSMC protocol
1:578  0:000  === [ ScanLoader ] ========================================
1:578  0:000  - [03]: 'b'
1:578  0:000  - [04]: 'EFI'
1:589  0:011          AddLoaderEntry for Volume Name=EFI
1:604  0:015          AddLoaderEntry for Volume Name=EFI
1:604  0:000          skipped because entry is hidden
1:604  0:000  - [06]: 'win os'
1:604  0:000  - [07]: ''
1:604  0:000  - [08]: 'EFI'
1:618  0:013          AddLoaderEntry for Volume Name=EFI
1:618  0:000          skipped because entry is hidden
1:618  0:000  - [10]: 'winSoft'
1:618  0:000  - [11]: 'Games'
1:618  0:000  - [12]: 'Learning'
1:618  0:000  - [13]: 'Download'
1:618  0:000  - [14]: 'Preboot', hidden
1:618  0:000  - [15]: 'M'
1:710  0:091          AddLoaderEntry for Volume Name=M
1:735  0:024      Check if volume Is Hibernated:
1:735  0:000      Check sleep image 'by signature':
1:769  0:034      read prefs \Library\Preferences\com.apple.PowerManagement.plist status=Success
1:769  0:000      using default sleep image name = \private\var\vm\sleepimage
1:790  0:021      sleepimage not found -> Not Found
1:790  0:000      hibernated: no - sign
1:794  0:003          [!] Icon 18 (icons\vol_internal_apfs.icns) not found (path: EFI\CLOVER\themes\SimpleThemeDark)
1:806  0:012  - [16]: 'Recovery', hidden
1:806  0:000  - [17]: 'VM'
1:806  0:000  === [ AddCustomTool ] =====================================
1:813  0:007  EmuVariable InstallEmulation: EFI_ALREADY_STARTED
1:813  0:000  === [ GetEfiBootDeviceFromNvram ] =========================
1:814  0:000  Default boot entry not found
1:814  0:000  EmuVariable UninstallEmulation: CloseEvent = Success, original var services restored
1:814  0:000  DefaultIndex=-1 and MainMenu.EntryCount=6
1:886  0:072  GUI ready
5:547  3:660  ReinitSelfLib after theme change
5:547  0:000  reinit: self device path=PciRoot(0x0)\Pci(0x17,0x0)\Sata(0x3,0xFFFF,0x0)\HD(1,GPT,158A50C3-054A-40B5-B66B-189E00652727,0x28,0x64000)
5:549  0:002  === [ ScanVolumes ] =======================================
5:549  0:000  Found 18 volumes with blockIO
5:549  0:000  - [00]: Volume: PciRoot(0x0)\Pci(0x17,0x0)\Sata(0x1,0xFFFF,0x0)
5:550  0:000  - [01]: Volume: PciRoot(0x0)\Pci(0x17,0x0)\Sata(0x3,0xFFFF,0x0)
5:550  0:000  - [02]: Volume: PciRoot(0x0)\Pci(0x17,0x0)\Sata(0x4,0xFFFF,0x0)
5:551  0:000          Result of bootcode detection: bootable unknown (legacy)
5:551  0:000  - [03]: Volume: PciRoot(0x0)\Pci(0x17,0x0)\Sata(0x1,0xFFFF,0x0)\HD(1,GPT,8AFF0599-9157-11E8-B07B-1831BF53062A,0x800,0xF9808)
5:551  0:000          Result of bootcode detection: bootable Windows (vista,win)
5:551  0:000  - [04]: Volume: PciRoot(0x0)\Pci(0x17,0x0)\Sata(0x1,0xFFFF,0x0)\HD(2,GPT,64AF63D1-759D-4FDB-9696-8B40AAF1140E,0xFA008,0x32008)
5:552  0:000          Result of bootcode detection: bootable Windows (vista,win)
5:553  0:000  - [05]: Volume: PciRoot(0x0)\Pci(0x17,0x0)\Sata(0x1,0xFFFF,0x0)\HD(3,GPT,8AFF059B-9157-11E8-B07B-1831BF53062A,0x12C010,0x8008)
5:553  0:000  - [06]: Volume: PciRoot(0x0)\Pci(0x17,0x0)\Sata(0x1,0xFFFF,0x0)\HD(4,GPT,8AFF059C-9157-11E8-B07B-1831BF53062A,0x134018,0x1CEF9C68)
5:554  0:000          Result of bootcode detection: bootable Windows (vista,win)
5:554  0:000  - [07]: Volume: PciRoot(0x0)\Pci(0x17,0x0)\Sata(0x1,0xFFFF,0x0)\HD(5,GPT,EA84068A-AA5B-41AC-B4F0-F589C6A82958,0x1D02E000,0x197800)
5:554  0:000          Result of bootcode detection: bootable Windows (vista,win)
5:554  0:000  - [08]: Volume: PciRoot(0x0)\Pci(0x17,0x0)\Sata(0x3,0xFFFF,0x0)\HD(1,GPT,158A50C3-054A-40B5-B66B-189E00652727,0x28,0x64000)
5:555  0:000          Result of bootcode detection: bootable unknown (legacy)
5:556  0:000          This is SelfVolume !!
5:556  0:000  - [09]: Volume: PciRoot(0x0)\Pci(0x17,0x0)\Sata(0x3,0xFFFF,0x0)\HD(2,GPT,84BFAE63-21EC-4364-9A26-FD2802C095C9,0x64028,0xDF30B60)
5:556  0:000          Result of bootcode detection: bootable unknown (legacy)
5:556  0:000  - [10]: Volume: PciRoot(0x0)\Pci(0x17,0x0)\Sata(0x4,0xFFFF,0x0)\HD(1,GPT,9CA27B24-B1F1-4836-86C3-21B5E44D762A,0x40,0x191337C0)
5:557  0:000          Result of bootcode detection: bootable Windows (vista,win)
5:557  0:000  - [11]: Volume: PciRoot(0x0)\Pci(0x17,0x0)\Sata(0x4,0xFFFF,0x0)\HD(2,GPT,92BE3494-59BD-4DF2-AAA7-915AD4F50AEF,0x19133800,0x19000000)
5:557  0:000          Result of bootcode detection: bootable Windows (vista,win)
5:557  0:000  - [12]: Volume: PciRoot(0x0)\Pci(0x17,0x0)\Sata(0x4,0xFFFF,0x0)\HD(3,GPT,66803978-930A-47FF-8892-7AAA701927B5,0x32133800,0x19000000)
5:558  0:000          Result of bootcode detection: bootable Windows (vista,win)
5:558  0:000  - [13]: Volume: PciRoot(0x0)\Pci(0x17,0x0)\Sata(0x4,0xFFFF,0x0)\HD(4,GPT,14B93377-CEBD-411E-BE49-934F021AE56E,0x4B133800,0x295D25B0)
5:559  0:000          Result of bootcode detection: bootable Windows (vista,win)
5:559  0:000  - [14]: Volume: PciRoot(0x0)\Pci(0x17,0x0)\Sata(0x3,0xFFFF,0x0)\HD(2,GPT,84BFAE63-21EC-4364-9A26-FD2802C095C9,0x64028,0xDF30B60)\VenMedia(BE74FCF7-0B7C-49F3-9147-01F4042E6842,481BAAD2476BCB429EADE2ABE633B9BC)
5:559  0:000  - [15]: Volume: PciRoot(0x0)\Pci(0x17,0x0)\Sata(0x3,0xFFFF,0x0)\HD(2,GPT,84BFAE63-21EC-4364-9A26-FD2802C095C9,0x64028,0xDF30B60)\VenMedia(BE74FCF7-0B7C-49F3-9147-01F4042E6842,675632C05B67BF4DB32186D0F92ACD76)
5:559  0:000  - [16]: Volume: PciRoot(0x0)\Pci(0x17,0x0)\Sata(0x3,0xFFFF,0x0)\HD(2,GPT,84BFAE63-21EC-4364-9A26-FD2802C095C9,0x64028,0xDF30B60)\VenMedia(BE74FCF7-0B7C-49F3-9147-01F4042E6842,574759A11D5D984AB89675B1A6108322)
5:559  0:000  - [17]: Volume: PciRoot(0x0)\Pci(0x17,0x0)\Sata(0x3,0xFFFF,0x0)\HD(2,GPT,84BFAE63-21EC-4364-9A26-FD2802C095C9,0x64028,0xDF30B60)\VenMedia(BE74FCF7-0B7C-49F3-9147-01F4042E6842,C2774B138E4D254E89D220AB64F0E45F)
5:559  0:000  theme inited
5:559  0:000  Chosen theme SimpleThemeDark
5:559  0:000  after NVRAM boot-args=
5:559  0:000  === [ ScanLoader ] ========================================
5:559  0:000  - [03]: 'b'
5:559  0:000  - [04]: 'EFI'
5:567  0:007          AddLoaderEntry for Volume Name=EFI
5:577  0:009          AddLoaderEntry for Volume Name=EFI
5:580  0:003  - [06]: 'win os'
5:581  0:000  - [07]: ''
5:581  0:000  - [08]: 'EFI'
5:594  0:013          AddLoaderEntry for Volume Name=EFI
5:594  0:000       skipped because path `PciRoot(0x0)\Pci(0x17,0x0)\Sata(0x3,0xFFFF,0x0)\HD(1,GPT,158A50C3-054A-40B5-B66B-189E00652727,0x28,0x64000)\EFI\BOOT\BOOTX64.efii` is self path!
5:594  0:000  - [10]: 'winSoft'
5:594  0:000  - [11]: 'Games'
5:594  0:000  - [12]: 'Learning'
5:594  0:000  - [13]: 'Download'
5:594  0:000  - [14]: 'Preboot'
5:607  0:012          AddLoaderEntry for Volume Name=Preboot
5:621  0:014      Check if volume Is Hibernated:
5:621  0:000      Check sleep image 'by signature':
5:622  0:001      using default sleep image name = \private\var\vm\sleepimage
5:623  0:000      sleepimage not found -> Not Found
5:623  0:000      hibernated: no - sign
5:633  0:010          AddLoaderEntry for Volume Name=Preboot
5:661  0:027  - [15]: 'M'
5:755  0:093          AddLoaderEntry for Volume Name=M
5:778  0:022      Check if volume Is Hibernated:
5:778  0:000      Check sleep image 'by signature':
5:803  0:025      read prefs \Library\Preferences\com.apple.PowerManagement.plist status=Success
5:803  0:000      using default sleep image name = \private\var\vm\sleepimage
5:812  0:009      sleepimage not found -> Not Found
5:812  0:000      hibernated: no - sign
5:829  0:016  - [16]: 'Recovery'
5:838  0:009          AddLoaderEntry for Volume Name=Recovery
5:861  0:023  - [17]: 'VM'
5:861  0:000  === [ AddCustomTool ] =====================================
5:862  0:000  EmuVariable InstallEmulation: orig vars copied, emu.var.services installed, CreateEvent VirtualAddressChange = Success, CreateEvent ExitBootServices = Success, set Status=Success
5:890  0:028  === [ GetEfiBootDeviceFromNvram ] =========================
5:890  0:000  Default boot entry not found
5:890  0:000  EmuVariable UninstallEmulation: CloseEvent = Success, original var services restored
5:890  0:000  DefaultIndex=-1 and MainMenu.EntryCount=10
12:434  6:544   boot with args: -v 
12:434  0:000  BootVariable of the entry is empty
12:434  0:000  === [ StartLoader ] =======================================
12:434  0:000  Finally: ExternalClock=26MHz BusSpeed=100300kHz CPUFreq=2808MHz PIS: hw.busfrequency=104000000Hz
12:434  0:000  Loading boot.efi  status=Success
12:451  0:016  GetOSVersion: 10.14.2 (18C38b)
12:451  0:000  CSR_CFG: CSR_ALLOW_UNTRUSTED_KEXTS | CSR_ALLOW_UNRESTRICTED_FS | CSR_ALLOW_TASK_FOR_PID | CSR_ALLOW_UNRESTRICTED_DTRACE | CSR_ALLOW_UNRESTRICTED_NVRAM
12:451  0:000  Filtering KextPatches:
12:451  0:000   - [00]: com.apple.driver.usb.AppleUSBXHCI (disable port limit in XHCI kext (credit PMHeart)) :: BinPatch :: [OS: 10.14.2 | MatchOS: 10.14.x | MatchBuild: All] ==> disabled by user
12:451  0:000  Will not patch boot.efi
12:451  0:000  EmuVariable InstallEmulation: orig vars copied, emu.var.services installed, CreateEvent VirtualAddressChange = Success, CreateEvent ExitBootServices = Success, set Status=Success
12:481  0:029  === [ PatchSmbios ] =======================================
12:481  0:000  insert table 9 for dev 0:0
12:481  0:000  insert table 9 for dev 0:1
12:481  0:000  insert table 9 for dev 1F:6
12:482  0:001  Trusting SMBIOS...
12:482  0:000  Channels: 1
12:482  0:000  Interleave: 0 1 2 3 4 5 6 7 8 9 10 11 12 13 14 15 16 17 18 19 20 21 22 23
12:482  0:000  SMBIOS Type 17 Index = 0 => 0 0:
12:482  0:000  BANK 0 DIMM0 EMPTY
12:482  0:000  SMBIOS Type 17 Index = 1 => 1 1:
12:482  0:000  BANK 0 DIMM1 EMPTY
12:482  0:000  SMBIOS Type 17 Index = 2 => 2 2:
12:482  0:000  BANK 0 DIMM2 EMPTY
12:482  0:000   partNum=KHX2400C15/8G       
12:482  0:000  SMBIOS Type 17 Index = 3 => 3 3:
12:482  0:000  BANK 0 DIMM3 2400MHz 8192MB
12:482  0:000  mTotalSystemMemory = 8192
12:482  0:000  NumberOfMemoryDevices = 4
12:482  0:000  Type20[0]->End = 0x7FFFFF, Type17[3] = 0x2000
12:482  0:000  Table 131 is present, CPUType=31
12:482  0:000  Change to: 605
12:482  0:000  === [ PatchACPI ] =========================================
12:482  0:000  Xsdt reallocation done
12:482  0:000  old FADT length=114
12:482  0:000   SignatureFixup: 0xF54F953D -> 0x0
12:483  0:001  Apply DsdtFixMask=0x00000000
12:483  0:000     drop _DSM mask=0x0000
12:483  0:000  === [ FixBiosDsdt ] =======================================
12:483  0:000  VideoCard devID=0x67DF1002
12:483  0:000  DisplayADR1[0] = 0x10000, DisplayADR2[0] = 0x0
12:483  0:000  USBADR[0] = 0x140000 and PCIe = 0xFFFE
13:681  1:197  Patching DSDT:
13:681  0:000   - [change HECI to IMEI]: pattern 48454349, patched at: [ (16D74) (159EF) (1EC5) ]
13:681  0:000   - [change GFX0 to IGPU]: pattern 47465830, patched at: [ (51) (E) (12) (12) (12) (5E) (12) (77) (12) (65F) (12) (309D) (AF90) (8EA2) (1B) (39BB) (14) (11456) (1A9B) (135FF) ]
13:681  0:000   - [change PEGP to GFX0]: pattern 50454750, patched at: [ (D1) (39D7) (31) (31) (15C25) (14F31) ]
13:682  0:000   - [change EHC1 to EH01]: pattern 45484331, bin not found / already patched!
13:682  0:000   - [change EHC2 to EH02]: pattern 45484332, bin not found / already patched!
13:682  0:000   - [change XHCI to XHC]: pattern 58484349, patched at: [ (11DEC) ]
13:683  0:000    0 replacements
13:683  0:000  first CPU found at E2FD offset E300
13:683  0:000  score candidate at E2F9
13:683  0:000  score inserted in acpi_cpu_score _SB_
13:683  0:000  Found ACPI CPU: PR00 | PR01 | PR02 | PR03 | PR04 | PR05 | PR06 | PR07 | PR08 | PR09 | PR10 | PR11 | PR12 | PR13 | PR14 | PR15 , within the score: _SB_
13:684  0:001  PreCleanup XSDT: count=22, length=212
13:684  0:000  PreCleanup XSDT, corrected XSDT: count=22, length=212
13:684  0:000  === [ ACPIDropTables ] ====================================
13:684  0:000  0. [change HECI to IMEI]: pattern 48454349, bin not found / already patched!
13:684  0:000  1. [change GFX0 to IGPU]: pattern 47465830, bin not found / already patched!
13:684  0:000  2. [change PEGP to GFX0]: pattern 50454750, bin not found / already patched!
13:684  0:000  3. [change EHC1 to EH01]: pattern 45484331, bin not found / already patched!
13:684  0:000  4. [change EHC2 to EH02]: pattern 45484332, bin not found / already patched!
13:684  0:000  5. [change XHCI to XHC]: pattern 58484349, bin not found / already patched!
13:684  0:000    0 replacements
13:684  0:000  0. [change HECI to IMEI]: pattern 48454349, bin not found / already patched!
13:684  0:000  1. [change GFX0 to IGPU]: pattern 47465830, bin not found / already patched!
13:684  0:000  2. [change PEGP to GFX0]: pattern 50454750, bin not found / already patched!
13:684  0:000  3. [change EHC1 to EH01]: pattern 45484331, bin not found / already patched!
13:684  0:000  4. [change EHC2 to EH02]: pattern 45484332, bin not found / already patched!
13:684  0:000  5. [change XHCI to XHC]: pattern 58484349, bin not found / already patched!
13:684  0:000    0 replacements
13:684  0:000  Found OperationRegion(PNVS, SystemMemory, 7ADA6000, ...)
13:684  0:000  0. [change HECI to IMEI]: pattern 48454349, bin not found / already patched!
13:684  0:000  1. [change GFX0 to IGPU]: pattern 47465830, patched at: [ (2D) (3A) (46) (2C1) (1C9B) (A3A) (1D) (6AF) ]
13:684  0:000  2. [change PEGP to GFX0]: pattern 50454750, bin not found / already patched!
13:684  0:000  3. [change EHC1 to EH01]: pattern 45484331, bin not found / already patched!
13:684  0:000  4. [change EHC2 to EH02]: pattern 45484332, bin not found / already patched!
13:684  0:000  5. [change XHCI to XHC]: pattern 58484349, bin not found / already patched!
13:684  0:000    0 replacements
13:684  0:000  Found OperationRegion(SANV, SystemMemory, 7A3FD118, ...)
13:685  0:000  0. [change HECI to IMEI]: pattern 48454349, bin not found / already patched!
13:685  0:000  1. [change GFX0 to IGPU]: pattern 47465830, bin not found / already patched!
13:685  0:000  2. [change PEGP to GFX0]: pattern 50454750, patched at: [ (223) (24) (24) (3DC) (2BB) (2B5) ]
13:685  0:000  3. [change EHC1 to EH01]: pattern 45484331, bin not found / already patched!
13:685  0:000  4. [change EHC2 to EH02]: pattern 45484332, bin not found / already patched!
13:685  0:000  5. [change XHCI to XHC]: pattern 58484349, bin not found / already patched!
13:685  0:000    0 replacements
13:685  0:000  0. [change HECI to IMEI]: pattern 48454349, bin not found / already patched!
13:685  0:000  1. [change GFX0 to IGPU]: pattern 47465830, bin not found / already patched!
13:685  0:000  2. [change PEGP to GFX0]: pattern 50454750, bin not found / already patched!
13:685  0:000  3. [change EHC1 to EH01]: pattern 45484331, bin not found / already patched!
13:685  0:000  4. [change EHC2 to EH02]: pattern 45484332, bin not found / already patched!
13:685  0:000  5. [change XHCI to XHC]: pattern 58484349, bin not found / already patched!
13:685  0:000    0 replacements
13:685  0:000  0. [change HECI to IMEI]: pattern 48454349, bin not found / already patched!
13:685  0:000  1. [change GFX0 to IGPU]: pattern 47465830, bin not found / already patched!
13:685  0:000  2. [change PEGP to GFX0]: pattern 50454750, bin not found / already patched!
13:685  0:000  3. [change EHC1 to EH01]: pattern 45484331, bin not found / already patched!
13:685  0:000  4. [change EHC2 to EH02]: pattern 45484332, bin not found / already patched!
13:685  0:000  5. [change XHCI to XHC]: pattern 58484349, bin not found / already patched!
13:685  0:000    0 replacements
13:685  0:000  0. [change HECI to IMEI]: pattern 48454349, bin not found / already patched!
13:685  0:000  1. [change GFX0 to IGPU]: pattern 47465830, bin not found / already patched!
13:685  0:000  2. [change PEGP to GFX0]: pattern 50454750, bin not found / already patched!
13:685  0:000  3. [change EHC1 to EH01]: pattern 45484331, bin not found / already patched!
13:685  0:000  4. [change EHC2 to EH02]: pattern 45484332, bin not found / already patched!
13:685  0:000  5. [change XHCI to XHC]: pattern 58484349, bin not found / already patched!
13:685  0:000    0 replacements
13:685  0:000  0. [change HECI to IMEI]: pattern 48454349, bin not found / already patched!
13:685  0:000  1. [change GFX0 to IGPU]: pattern 47465830, bin not found / already patched!
13:685  0:000  2. [change PEGP to GFX0]: pattern 50454750, bin not found / already patched!
13:685  0:000  3. [change EHC1 to EH01]: pattern 45484331, bin not found / already patched!
13:685  0:000  4. [change EHC2 to EH02]: pattern 45484332, bin not found / already patched!
13:685  0:000  5. [change XHCI to XHC]: pattern 58484349, bin not found / already patched!
13:685  0:000    0 replacements
13:685  0:000  === [ ACPIPatchedAML ] ====================================
13:685  0:000  Sorted
13:685  0:000  Inserting table[0]:SSDT-UIAC-ALL.aml from EFI\CLOVER\ACPI\patched: size=660 ... Success
13:686  0:001  CPUBase=0 and ApicCPUBase=1 ApicCPUNum=1
13:686  0:000  Maximum control=0x1C
13:686  0:000  Turbo control=0x28
13:686  0:000  P-States: min 0x8, max 0x28
13:686  0:000  SSDT with plugin-type without P-States is generated
13:686  0:000  Cleanup XSDT: count=24, length=228
13:686  0:000  corrected XSDT count=24, length=228
13:686  0:000  === [ RestSetup macOS ] ===================================
13:686  0:000  EdidDiscovered size=128
13:686  0:000  --- Discovered EDID Table size:128
13:686  0:000  000  |  00  FF  FF  FF  FF  FF  FF  00  10  AC
13:686  0:000  010  |  C1  D0  54  39  4B  30  1F  1B  01  04
13:686  0:000  020  |  A5  35  1E  78  3A  AD  75  A9  54  4D
13:686  0:000  030  |  9D  26  0F  50  54  A5  4B  00  81  00
13:686  0:000  040  |  B3  00  D1  00  71  4F  A9  40  81  80
13:686  0:000  050  |  D1  C0  01  01  56  5E  00  A0  A0  A0
13:686  0:000  060  |  29  50  30  20  35  00  0E  28  21  00
13:686  0:000  070  |  00  1A  00  00  00  FF  00  36  43  33
13:686  0:000  080  |  56  44  37  38  34  30  4B  39  54  0A
13:686  0:000  090  |  00  00  00  FC  00  44  45  4C  4C  20
13:686  0:000  100  |  50  32  34  31  38  44  0A  20  00  00
13:686  0:000  110  |  00  FD  00  31  56  1D  71  1C  01  0A
13:686  0:000  120  |  20  20  20  20  20  20  01  F3
13:686  0:000  add device: PciRoot(0x0)/Pci(0x2,0x0)
13:686  0:000     Add key=enable-hdmi20 valuelen=4
13:686  0:000     Add key=device-id valuelen=4
13:686  0:000     Add key=AAPL,ig-platform-id valuelen=4
13:686  0:000  add device: PciRoot(0x0)/Pci(0x1F,0x3)
13:686  0:000     Add key=layout-id valuelen=4
13:686  0:000  ATI injection not set
13:686  0:000  Intel UHD Graphics 630 [8086:3E92] :: PciRoot(0x0)\Pci(0x2,0x0)
13:686  0:000    Found Quad HD Display - 16:9 :: Width=2560 Height=1440
13:686  0:000    Beginning DualLink auto-detection
13:686  0:000    High Resolution Display
13:686  0:000    AAPL00,DualLink = 1
13:686  0:000    FakeID Intel GFX: not set
13:686  0:000    ig-platform-id = 0x3E920003
13:686  0:000    Beginning Intel GFX auto-detection with ACPI injection
13:686  0:000    Found FakeID Intel GFX = 0x3E928086
13:686  0:000  Intel GFX revision  = 0x0
13:686  0:000   RCBA disabled; cannot use it
13:686  0:000  stringlength = 1662
13:686  0:000  CurrentMode: Width=2560 Height=1440
13:686  0:000  Beginning FSInjection
FSInjectionInstall ...
- Our FSI_SIMPLE_FILE_SYSTEM_PROTOCOL installed on handle: 732C9918
FSInjectionInstall ...
- Our FSI_SIMPLE_FILE_SYSTEM_PROTOCOL installed on handle: 732C9918
13:689  0:002  Use origin smbios table type 1 guid.
13:693  0:003  Preparing kexts injection for arch=x86_64 from EFI\CLOVER\kexts\Other
13:693  0:000  Extra kext: EFI\CLOVER\kexts\Other\VirtualSMC.kext (v.1.0.1)
13:706  0:013  Extra kext: EFI\CLOVER\kexts\Other\USBInjectAll.kext (v.0.6.9)
14:179  0:472  Extra kext: EFI\CLOVER\kexts\Other\XHCI-300-series-injector.kext (v.0.5.0)
14:183  0:004  Extra kext: EFI\CLOVER\kexts\Other\CodecCommander.kext (v.2.7.1)
14:209  0:025  Extra kext: EFI\CLOVER\kexts\Other\WhateverGreen.kext (v.1.2.4)
14:224  0:015  Extra kext: EFI\CLOVER\kexts\Other\Lilu.kext (v.1.2.8)
14:236  0:012  Extra kext: EFI\CLOVER\kexts\Other\IntelMausiEthernet.kext (v.2.4.1d1)
14:248  0:011  Extra kext: EFI\CLOVER\kexts\Other\AppleALC.kext (v.1.3.3)
14:878  0:630  Preparing kexts injection for arch=x86_64 from EFI\CLOVER\kexts\10.14
14:879  0:001  SetStartupDiskVolume:
14:879  0:000    * Volume: 'Preboot'
14:879  0:000    * LoaderPath: '\C0325667-675B-4DBF-B321-86D0F92ACD76\com.apple.installer\boot.efi'
14:879  0:000    * DevPath: Preboot
14:879  0:000    * GUID = 84BFAE63-21EC-4364-9A26-FD2802C095C9
14:879  0:000    * efi-boot-device: <array><dict><key>IOMatch</key><dict><key>IOProviderClass</key><string>IOMedia</string><key>IOPropertyMatch</key><dict><key>UUID</key><string>84BFAE63-21EC-4364-9A26-FD2802C095C9</string></dict></dict></dict></array>
14:879  0:000  Custom boot screen not used because entry has unset use graphics
14:879  0:000  Closing log
